[2026-02-28 12:26:53] === Анализ процессов системы ===
[2026-02-28 12:26:53] Запуск процесса нагрузки CPU...
[2026-02-28 12:26:53] CPU процесс: PID=497471
[2026-02-28 12:26:53] Информация из /proc/497471/status:
Name:	yes
Umask:	0022
State:	R (running)
Tgid:	497471
Ngid:	0
Pid:	497471
PPid:	497464
TracerPid:	0
Uid:	0	0	0	0
Gid:	0	0	0	0
[2026-02-28 12:26:53] Анализ системных вызовов ls...
  8.00    0.000014           1         9           close
  7.43    0.000013           6         2           getdents64
  5.14    0.000009           9         1           munmap
  4.00    0.000007           0         8           fstat
  4.00    0.000007           3         2         2 statfs
  2.29    0.000004           4         1           write
  1.71    0.000003           1         3           brk
  1.71    0.000003           1         2           pread64
  1.71    0.000003           3         1           statx
  1.14    0.000002           2         1         1 ioctl
  1.14    0.000002           1         2         2 access
  1.14    0.000002           2         1           getrandom
  0.57    0.000001           1         1           arch_prctl
  0.57    0.000001           1         1           set_tid_address
  0.57    0.000001           1         1           set_robust_list
  0.57    0.000001           1         1           prlimit64
  0.57    0.000001           1         1           rseq
  0.00    0.000000           0         1           execve
------ ----------- ----------- --------- --------- ----------------
100.00    0.000175           2        74         5 total
[2026-02-28 12:26:53] Изменение nice для PID=497471...
497471 (process ID) old priority 0, new priority 10
[2026-02-28 12:26:53] Топ процессов по CPU:
USER         PID %CPU %MEM    VSZ   RSS TTY      STAT START   TIME COMMAND
root      497471 66.6  0.0   8296  2048 ?        RN   12:26   0:00 yes
root        2123  0.4 13.9 12541212 1135324 ?    Sl   Feb21  51:55 openclaw-gateway
1001       63301  0.2  0.9 231952 74016 ?        Ssl  Feb22  18:14 python src/bot.py bot
gdm         1311  0.1  3.0 3789756 250780 tty1   Sl+  Feb21  20:09 /usr/bin/gnome-shell
root        1125  0.1  0.6 1872204 54616 ?       Ssl  Feb21  15:14 /usr/bin/containerd
root        1326  0.1  1.3 2216268 106524 ?      Ssl  Feb21  11:48 /usr/bin/dockerd -H fd:// --containerd=/run/containerd/containerd.sock
systemd+     512  0.0  0.0  17572  7808 ?        Ss   Feb21   5:23 /usr/lib/systemd/systemd-oomd
root       63278  0.0  0.1 1233848 12624 ?       Sl   Feb22   3:39 /usr/bin/containerd-shim-runc-v2 -namespace moby -id aeb06cd27f9d7a58c25fea39a2d8aa6845197594bab7f961671e7bfb38c8404f -address /run/containerd/containerd.sock
root        1680  0.0  1.6 214324 130884 ?       Ssl  Feb21   4:17 python bot.py
[2026-02-28 12:26:53] Анализ завершён
