=== Шаг 1: Установка необходимых пакетов ===

WARNING: apt does not have a stable CLI interface. Use with caution in scripts.

Reading package lists...
Building dependency tree...
Reading state information...
dpkg-dev is already the newest version (1.22.6ubuntu6.5).
dpkg-dev set to manually installed.
apt-utils is already the newest version (2.8.3).
apt-utils set to manually installed.
0 upgraded, 0 newly installed, 0 to remove and 166 not upgraded.

=== Шаг 2: Создание структуры репозитория ===
Структура создана:
./create_local_repo.sh: line 21: tree: command not found
/var/www/html/myrepo
/var/www/html/myrepo/pool
/var/www/html/myrepo/pool/main
/var/www/html/myrepo/dists
/var/www/html/myrepo/dists/stable
/var/www/html/myrepo/dists/stable/main
/var/www/html/myrepo/dists/stable/main/binary-all
/var/www/html/myrepo/dists/stable/main/binary-amd64

=== Шаг 3: Копирование пакетов в репозиторий ===
Пакеты в репозитории:
total 4.0K
-rw-r--r-- 1 root root 2.0K Feb 28 13:37 myapp-config_1.0.0_all.deb

=== Шаг 4: Генерация метаданных Packages ===
dpkg-scanpackages: info: Wrote 1 entries to output Packages file.
Packages файл создан для binary-all
Packages файл создан для binary-amd64

=== Шаг 5: Создание Release файла ===
Release файл создан:
Origin: MyLocalRepo
Label: MyLocalRepo
Suite: stable
Codename: stable
Architectures: amd64 all
Components: main
Description: Локальный APT репозиторий
Date: Sat, 28 Feb 2026 13:37:39 +0300

=== Шаг 6: Генерация файла MD5SUMS для Release ===
MD5SUMS создан:
7f36051549bd78ae1412e1bca1fbef77 main/binary-amd64/Packages
14138914c701dbbc72714c45cce4996c main/binary-amd64/Packages.gz
7f36051549bd78ae1412e1bca1fbef77 main/binary-all/Packages
14138914c701dbbc72714c45cce4996c main/binary-all/Packages.gz

=== Шаг 7: Настройка доступа к репозиторию через HTTP ===
URL репозитория: http://localhost/myrepo

=== Шаг 8: Добавление репозитория в sources.list ===
Файл /etc/apt/sources.list.d/myrepo.list создан:
deb [trusted=yes] http://localhost/myrepo stable main

=== Шаг 9: Обновление списка пакетов ===
Ign:1 http://localhost/myrepo stable InRelease
Ign:2 http://localhost/myrepo stable Release
Ign:3 http://localhost/myrepo stable/main all Packages
Ign:4 http://localhost/myrepo stable/main amd64 Packages
Ign:5 http://localhost/myrepo stable/main Translation-en
Ign:6 http://localhost/myrepo stable/main Translation-en_US
Ign:7 http://localhost/myrepo stable/main amd64 Components
Ign:8 http://localhost/myrepo stable/main all Components
Ign:9 http://localhost/myrepo stable/main Icons (48x48)
Ign:10 http://localhost/myrepo stable/main Icons (64x64)
Ign:11 http://localhost/myrepo stable/main Icons (64x64@2)
Ign:12 http://localhost/myrepo stable/main all c-n-f Metadata
Ign:13 http://localhost/myrepo stable/main amd64 c-n-f Metadata
Ign:3 http://localhost/myrepo stable/main all Packages
Ign:4 http://localhost/myrepo stable/main amd64 Packages
Ign:5 http://localhost/myrepo stable/main Translation-en
Ign:6 http://localhost/myrepo stable/main Translation-en_US
Ign:7 http://localhost/myrepo stable/main amd64 Components
Ign:8 http://localhost/myrepo stable/main all Components
Ign:9 http://localhost/myrepo stable/main Icons (48x48)
Ign:10 http://localhost/myrepo stable/main Icons (64x64)
Ign:11 http://localhost/myrepo stable/main Icons (64x64@2)
Ign:12 http://localhost/myrepo stable/main all c-n-f Metadata
Ign:13 http://localhost/myrepo stable/main amd64 c-n-f Metadata
Ign:3 http://localhost/myrepo stable/main all Packages
Ign:4 http://localhost/myrepo stable/main amd64 Packages
Ign:5 http://localhost/myrepo stable/main Translation-en
Ign:6 http://localhost/myrepo stable/main Translation-en_US
Ign:7 http://localhost/myrepo stable/main amd64 Components
Ign:8 http://localhost/myrepo stable/main all Components
Ign:9 http://localhost/myrepo stable/main Icons (48x48)
Ign:10 http://localhost/myrepo stable/main Icons (64x64)
Ign:11 http://localhost/myrepo stable/main Icons (64x64@2)
Ign:12 http://localhost/myrepo stable/main all c-n-f Metadata
Ign:13 http://localhost/myrepo stable/main amd64 c-n-f Metadata
Ign:3 http://localhost/myrepo stable/main all Packages
Ign:4 http://localhost/myrepo stable/main amd64 Packages
Ign:5 http://localhost/myrepo stable/main Translation-en
Ign:6 http://localhost/myrepo stable/main Translation-en_US
Ign:7 http://localhost/myrepo stable/main amd64 Components
Ign:8 http://localhost/myrepo stable/main all Components
Ign:9 http://localhost/myrepo stable/main Icons (48x48)
Ign:10 http://localhost/myrepo stable/main Icons (64x64)
Ign:11 http://localhost/myrepo stable/main Icons (64x64@2)
Ign:12 http://localhost/myrepo stable/main all c-n-f Metadata
Ign:13 http://localhost/myrepo stable/main amd64 c-n-f Metadata
Ign:3 http://localhost/myrepo stable/main all Packages
Ign:4 http://localhost/myrepo stable/main amd64 Packages
Ign:5 http://localhost/myrepo stable/main Translation-en
Ign:6 http://localhost/myrepo stable/main Translation-en_US
Ign:7 http://localhost/myrepo stable/main amd64 Components
Ign:8 http://localhost/myrepo stable/main all Components
Ign:9 http://localhost/myrepo stable/main Icons (48x48)
Ign:10 http://localhost/myrepo stable/main Icons (64x64)
Ign:11 http://localhost/myrepo stable/main Icons (64x64@2)
Ign:12 http://localhost/myrepo stable/main all c-n-f Metadata
Ign:13 http://localhost/myrepo stable/main amd64 c-n-f Metadata
Ign:3 http://localhost/myrepo stable/main all Packages
Ign:4 http://localhost/myrepo stable/main amd64 Packages
Ign:5 http://localhost/myrepo stable/main Translation-en
Ign:6 http://localhost/myrepo stable/main Translation-en_US
Ign:7 http://localhost/myrepo stable/main amd64 Components
Ign:8 http://localhost/myrepo stable/main all Components
Ign:9 http://localhost/myrepo stable/main Icons (48x48)
Ign:10 http://localhost/myrepo stable/main Icons (64x64)
Ign:11 http://localhost/myrepo stable/main Icons (64x64@2)
Ign:12 http://localhost/myrepo stable/main all c-n-f Metadata
Ign:13 http://localhost/myrepo stable/main amd64 c-n-f Metadata
Ign:3 http://localhost/myrepo stable/main all Packages
Err:4 http://localhost/myrepo stable/main amd64 Packages
  404  Not Found [IP: 127.0.0.1 80]
Ign:5 http://localhost/myrepo stable/main Translation-en
Ign:6 http://localhost/myrepo stable/main Translation-en_US
Ign:7 http://localhost/myrepo stable/main amd64 Components
Ign:8 http://localhost/myrepo stable/main all Components
Ign:9 http://localhost/myrepo stable/main Icons (48x48)
Ign:10 http://localhost/myrepo stable/main Icons (64x64)
Ign:11 http://localhost/myrepo stable/main Icons (64x64@2)
Ign:12 http://localhost/myrepo stable/main all c-n-f Metadata
Ign:13 http://localhost/myrepo stable/main amd64 c-n-f Metadata
Hit:14 http://ru.archive.ubuntu.com/ubuntu noble InRelease
Hit:15 http://ru.archive.ubuntu.com/ubuntu noble-updates InRelease
Hit:16 http://ru.archive.ubuntu.com/ubuntu noble-backports InRelease
Hit:17 https://download.docker.com/linux/ubuntu noble InRelease
Hit:18 http://security.ubuntu.com/ubuntu noble-security InRelease
--
E: Failed to fetch http://localhost/myrepo/dists/stable/main/binary-amd64/Packages  404  Not Found [IP: 127.0.0.1 80]
E: Some index files failed to download. They have been ignored, or old ones used instead.

=== Шаг 10: Проверка доступности пакета из репозитория ===
myapp-config:
  Installed: 1.0.0
  Candidate: 1.0.0
  Version table:
 *** 1.0.0 100
        100 /var/lib/dpkg/status

=== Локальный репозиторий создан! ===
Репозиторий: /var/www/html/myrepo
URL: http://localhost/myrepo
Пакеты в репозитории:
total 4.0K
-rw-r--r-- 1 root root 2.0K Feb 28 13:37 myapp-config_1.0.0_all.deb
