=== Установка зависимостей для phpMyAdmin ===

WARNING: apt does not have a stable CLI interface. Use with caution in scripts.

Reading package lists...
Building dependency tree...
Reading state information...
wget is already the newest version (1.21.4-1ubuntu4.1).
wget set to manually installed.
unzip is already the newest version (6.0-28ubuntu4.1).
unzip set to manually installed.
php-mbstring is already the newest version (2:8.3+93ubuntu2).
php-zip is already the newest version (2:8.3+93ubuntu2).
php-gd is already the newest version (2:8.3+93ubuntu2).
php-json is already the newest version (2:8.3+93ubuntu2).
php-curl is already the newest version (2:8.3+93ubuntu2).
0 upgraded, 0 newly installed, 0 to remove and 166 not upgraded.

=== Скачивание phpMyAdmin ===
--2026-02-28 13:30:04--  https://www.phpmyadmin.net/downloads/phpMyAdmin-latest-all-languages.zip
Resolving www.phpmyadmin.net (www.phpmyadmin.net)... 195.181.170.18, 79.127.211.89, 212.102.56.179, ...
Connecting to www.phpmyadmin.net (www.phpmyadmin.net)|195.181.170.18|:443... connected.
HTTP request sent, awaiting response... 302 Found
Location: https://files.phpmyadmin.net/phpMyAdmin/5.2.3/phpMyAdmin-5.2.3-all-languages.zip [following]
--2026-02-28 13:30:05--  https://files.phpmyadmin.net/phpMyAdmin/5.2.3/phpMyAdmin-5.2.3-all-languages.zip
Resolving files.phpmyadmin.net (files.phpmyadmin.net)... 37.19.202.45, 2a02:6ea0:dd00::7
Connecting to files.phpmyadmin.net (files.phpmyadmin.net)|37.19.202.45|:443... connected.
HTTP request sent, awaiting response... 200 OK
Length: 16431330 (16M) [application/zip]
Saving to: ‘phpmyadmin.zip’

     0K .......... .......... .......... .......... ..........  0%  827K 19s
    50K .......... .......... .......... .......... ..........  0% 1.86M 14s
   100K .......... .......... .......... .......... ..........  0% 2.91M 11s
   150K .......... .......... .......... .......... ..........  1% 2.61M 10s
   200K .......... .......... .......... .......... ..........  1% 6.24M 8s
   250K .......... .......... .......... .......... ..........  1% 2.36M 8s
   300K .......... .......... .......... .......... ..........  2% 8.18M 7s
   350K .......... .......... .......... .......... ..........  2% 4.56M 7s
   400K .......... .......... .......... .......... ..........  2% 2.94M 6s
   450K .......... .......... .......... .......... ..........  3% 11.8M 6s
   500K .......... .......... .......... .......... ..........  3% 11.1M 5s
   550K .......... .......... .......... .......... ..........  3% 12.1M 5s
   600K .......... .......... .......... .......... ..........  4% 8.54M 5s
   650K .......... .......... .......... .......... ..........  4% 3.83M 5s
   700K .......... .......... .......... .......... ..........  4% 11.3M 4s
   750K .......... .......... .......... .......... ..........  4% 9.01M 4s
   800K .......... .......... .......... .......... ..........  5% 11.2M 4s
   850K .......... .......... .......... .......... ..........  5% 11.9M 4s
   900K .......... .......... .......... .......... ..........  5% 3.94M 4s
   950K .......... .......... .......... .......... ..........  6% 12.3M 4s
  1000K .......... .......... .......... .......... ..........  6% 12.1M 4s
  1050K .......... .......... .......... .......... ..........  6% 12.1M 4s
  1100K .......... .......... .......... .......... ..........  7% 11.1M 3s
  1150K .......... .......... .......... .......... ..........  7% 8.40M 3s
  1200K .......... .......... .......... .......... ..........  7% 1.12M 4s
  1250K .......... .......... .......... .......... ..........  8% 27.6M 4s
  1300K .......... .......... .......... .......... ..........  8% 22.7M 3s
  1350K .......... .......... .......... .......... ..........  8% 26.4M 3s
  1400K .......... .......... .......... .......... ..........  9%  725M 3s
  1450K .......... .......... .......... .......... ..........  9%  706M 3s
  1500K .......... .......... .......... .......... ..........  9%  650M 3s
  1550K .......... .......... .......... .......... ..........  9%  444M 3s
  1600K .......... .......... .......... .......... .......... 10%  502M 3s
  1650K .......... .......... .......... .......... .......... 10%  610M 3s
  1700K .......... .......... .......... .......... .......... 10%  668M 3s
  1750K .......... .......... .......... .......... .......... 11% 26.2M 3s
  1800K .......... .......... .......... .......... .......... 11% 11.5M 2s
  1850K .......... .......... .......... .......... .......... 11% 4.60M 2s
  1900K .......... .......... .......... .......... .......... 12% 5.39M 2s
  1950K .......... .......... .......... .......... .......... 12% 8.17M 2s
  2000K .......... .......... .......... .......... .......... 12% 11.2M 2s
  2050K .......... .......... .......... .......... .......... 13% 10.3M 2s
  2100K .......... .......... .......... .......... .......... 13%  469K 3s
  2150K .......... .......... .......... .......... .......... 13% 14.3M 3s
  2200K .......... .......... .......... .......... .......... 14% 14.4M 3s
  2250K .......... .......... .......... .......... .......... 14%  380K 4s
  2300K .......... .......... .......... .......... .......... 14%  658M 4s
  2350K .......... .......... .......... .......... .......... 14%  557M 3s
  2400K .......... .......... .......... .......... .......... 15%  770M 3s
  2450K .......... .......... .......... .......... .......... 15%  763M 3s
  2500K .......... .......... .......... .......... .......... 15%  775M 3s
  2550K .......... .......... .......... .......... .......... 16%  788M 3s
  2600K .......... .......... .......... .......... .......... 16%  771M 3s
  2650K .......... .......... .......... .......... .......... 16%  789M 3s
  2700K .......... .......... .......... .......... .......... 17%  783M 3s
  2750K .......... .......... .......... .......... .......... 17%  398M 3s
  2800K .......... .......... .......... .......... .......... 17%  620M 3s
  2850K .......... .......... .......... .......... .......... 18%  723M 3s
  2900K .......... .......... .......... .......... .......... 18%  617M 3s
  2950K .......... .......... .......... .......... .......... 18%  429M 3s
  3000K .......... .......... .......... .......... .......... 19%  749M 3s
  3050K .......... .......... .......... .......... .......... 19%  671M 3s
  3100K .......... .......... .......... .......... .......... 19%  618M 2s
  3150K .......... .......... .......... .......... .......... 19%  495M 2s
  3200K .......... .......... .......... .......... .......... 20%  607M 2s
  3250K .......... .......... .......... .......... .......... 20%  607M 2s
  3300K .......... .......... .......... .......... .......... 20%  686M 2s
  3350K .......... .......... .......... .......... .......... 21%  386M 2s
  3400K .......... .......... .......... .......... .......... 21%  649M 2s
  3450K .......... .......... .......... .......... .......... 21%  448M 2s
  3500K .......... .......... .......... .......... .......... 22%  602M 2s
  3550K .......... .......... .......... .......... .......... 22%  491M 2s
  3600K .......... .......... .......... .......... .......... 22%  689M 2s
  3650K .......... .......... .......... .......... .......... 23%  699M 2s
  3700K .......... .......... .......... .......... .......... 23%  648M 2s
  3750K .......... .......... .......... .......... .......... 23%  771M 2s
  3800K .......... .......... .......... .......... .......... 23%  677M 2s
  3850K .......... .......... .......... .......... .......... 24%  601M 2s
  3900K .......... .......... .......... .......... .......... 24%  520M 2s
  3950K .......... .......... .......... .......... .......... 24%  447M 2s
  4000K .......... .......... .......... .......... .......... 25%  477M 2s
  4050K .......... .......... .......... .......... .......... 25%  586M 2s
  4100K .......... .......... .......... .......... .......... 25%  643M 2s
  4150K .......... .......... .......... .......... .......... 26%  740M 2s
  4200K .......... .......... .......... .......... .......... 26%  657M 2s
  4250K .......... .......... .......... .......... .......... 26%  774M 2s
  4300K .......... .......... .......... .......... .......... 27%  662M 2s
  4350K .......... .......... .......... .......... .......... 27% 1.61M 2s
  4400K .......... .......... .......... .......... .......... 27% 12.1M 2s
  4450K .......... .......... .......... .......... .......... 28% 11.8M 2s
  4500K .......... .......... .......... .......... .......... 28% 11.5M 2s
  4550K .......... .......... .......... .......... .......... 28%  329K 2s
  4600K .......... .......... .......... .......... .......... 28%  249M 2s
  4650K .......... .......... .......... .......... .......... 29%  684M 2s
  4700K .......... .......... .......... .......... .......... 29%  741M 2s
  4750K .......... .......... .......... .......... .......... 29%  587M 2s
  4800K .......... .......... .......... .......... .......... 30%  679M 2s
  4850K .......... .......... .......... .......... .......... 30%  739M 2s
  4900K .......... .......... .......... .......... .......... 30%  693M 2s
  4950K .......... .......... .......... .......... .......... 31%  688M 2s
  5000K .......... .......... .......... .......... .......... 31%  797M 2s
  5050K .......... .......... .......... .......... .......... 31%  793M 2s
  5100K .......... .......... .......... .......... .......... 32% 1.65M 2s
  5150K .......... .......... .......... .......... .......... 32%  540M 2s
  5200K .......... .......... .......... .......... .......... 32%  733M 2s
  5250K .......... .......... .......... .......... .......... 33%  803K 2s
  5300K .......... .......... .......... .......... .......... 33%  660M 2s
  5350K .......... .......... .......... .......... .......... 33%  707M 2s
  5400K .......... .......... .......... .......... .......... 33% 8.13M 2s
  5450K .......... .......... .......... .......... .......... 34%  613M 2s
  5500K .......... .......... .......... .......... .......... 34%  533M 2s
  5550K .......... .......... .......... .......... .......... 34%  508M 2s
  5600K .......... .......... .......... .......... .......... 35%  699M 2s
  5650K .......... .......... .......... .......... .......... 35%  672M 2s
  5700K .......... .......... .......... .......... .......... 35%  661M 2s
  5750K .......... .......... .......... .......... .......... 36%  359M 2s
  5800K .......... .......... .......... .......... .......... 36%  674M 2s
  5850K .......... .......... .......... .......... .......... 36%  648M 2s
  5900K .......... .......... .......... .......... .......... 37%  661M 2s
  5950K .......... .......... .......... .......... .......... 37% 2.22M 2s
  6000K .......... .......... .......... .......... .......... 37%  632M 2s
  6050K .......... .......... .......... .......... .......... 38%  894K 2s
  6100K .......... .......... .......... .......... .......... 38%  681M 2s
  6150K .......... .......... .......... .......... .......... 38% 1.16M 2s
  6200K .......... .......... .......... .......... .......... 38%  302M 2s
  6250K .......... .......... .......... .......... .......... 39%  610M 2s
  6300K .......... .......... .......... .......... .......... 39%  750M 2s
  6350K .......... .......... .......... .......... .......... 39%  578M 2s
  6400K .......... .......... .......... .......... .......... 40%  692M 2s
  6450K .......... .......... .......... .......... .......... 40%  652M 2s
  6500K .......... .......... .......... .......... .......... 40%  631M 1s
  6550K .......... .......... .......... .......... .......... 41%  617M 1s
  6600K .......... .......... .......... .......... .......... 41%  645M 1s
  6650K .......... .......... .......... .......... .......... 41%  750M 1s
  6700K .......... .......... .......... .......... .......... 42%  682M 1s
  6750K .......... .......... .......... .......... .......... 42%  540M 1s
  6800K .......... .......... .......... .......... .......... 42%  724M 1s
  6850K .......... .......... .......... .......... .......... 43%  467M 1s
  6900K .......... .......... .......... .......... .......... 43%  536M 1s
  6950K .......... .......... .......... .......... .......... 43%  637M 1s
  7000K .......... .......... .......... .......... .......... 43%  713M 1s
  7050K .......... .......... .......... .......... .......... 44%  706M 1s
  7100K .......... .......... .......... .......... .......... 44%  666M 1s
  7150K .......... .......... .......... .......... .......... 44%  500M 1s
  7200K .......... .......... .......... .......... .......... 45%  725M 1s
  7250K .......... .......... .......... .......... .......... 45% 6.59M 1s
  7300K .......... .......... .......... .......... .......... 45%  603M 1s
  7350K .......... .......... .......... .......... .......... 46% 5.12M 1s
  7400K .......... .......... .......... .......... .......... 46%  518M 1s
  7450K .......... .......... .......... .......... .......... 46%  676M 1s
  7500K .......... .......... .......... .......... .......... 47%  761M 1s
  7550K .......... .......... .......... .......... .......... 47%  406M 1s
  7600K .......... .......... .......... .......... .......... 47%  553M 1s
  7650K .......... .......... .......... .......... .......... 47%  656M 1s
  7700K .......... .......... .......... .......... .......... 48%  629M 1s
  7750K .......... .......... .......... .......... .......... 48%  733M 1s
  7800K .......... .......... .......... .......... .......... 48%  702M 1s
  7850K .......... .......... .......... .......... .......... 49%  659M 1s
  7900K .......... .......... .......... .......... .......... 49%  630M 1s
  7950K .......... .......... .......... .......... .......... 49%  536M 1s
  8000K .......... .......... .......... .......... .......... 50%  576M 1s
  8050K .......... .......... .......... .......... .......... 50% 34.0M 1s
  8100K .......... .......... .......... .......... .......... 50%  552M 1s
  8150K .......... .......... .......... .......... .......... 51%  757M 1s
  8200K .......... .......... .......... .......... .......... 51%  728M 1s
  8250K .......... .......... .......... .......... .......... 51%  786M 1s
  8300K .......... .......... .......... .......... .......... 52%  743M 1s
  8350K .......... .......... .......... .......... .......... 52%  591M 1s
  8400K .......... .......... .......... .......... .......... 52%  569M 1s
  8450K .......... .......... .......... .......... .......... 52%  565M 1s
  8500K .......... .......... .......... .......... .......... 53%  758M 1s
  8550K .......... .......... .......... .......... .......... 53%  751M 1s
  8600K .......... .......... .......... .......... .......... 53%  645M 1s
  8650K .......... .......... .......... .......... .......... 54%  449M 1s
  8700K .......... .......... .......... .......... .......... 54%  607M 1s
  8750K .......... .......... .......... .......... .......... 54% 21.5M 1s
  8800K .......... .......... .......... .......... .......... 55% 17.5M 1s
  8850K .......... .......... .......... .......... .......... 55% 10.9M 1s
  8900K .......... .......... .......... .......... .......... 55% 22.8M 1s
  8950K .......... .......... .......... .......... .......... 56% 15.7M 1s
  9000K .......... .......... .......... .......... .......... 56% 12.9M 1s
  9050K .......... .......... .......... .......... .......... 56% 20.6M 1s
  9100K .......... .......... .......... .......... .......... 57% 39.4M 1s
  9150K .......... .......... .......... .......... .......... 57% 12.8M 1s
  9200K .......... .......... .......... .......... .......... 57% 7.99M 1s
  9250K .......... .......... .......... .......... .......... 57% 10.4M 1s
  9300K .......... .......... .......... .......... .......... 58% 1.08M 1s
  9350K .......... .......... .......... .......... .......... 58% 15.3M 1s
  9400K .......... .......... .......... .......... .......... 58% 14.7M 1s
  9450K .......... .......... .......... .......... .......... 59% 13.8M 1s
  9500K .......... .......... .......... .......... .......... 59% 13.7M 1s
  9550K .......... .......... .......... .......... .......... 59% 14.9M 1s
  9600K .......... .......... .......... .......... .......... 60% 12.2M 1s
  9650K .......... .......... .......... .......... .......... 60%  617M 1s
  9700K .......... .......... .......... .......... .......... 60%  752M 1s
  9750K .......... .......... .......... .......... .......... 61%  793M 1s
  9800K .......... .......... .......... .......... .......... 61%  765M 1s
  9850K .......... .......... .......... .......... .......... 61%  734M 1s
  9900K .......... .......... .......... .......... .......... 62%  653M 1s
  9950K .......... .......... .......... .......... .......... 62% 30.2M 1s
 10000K .......... .......... .......... .......... .......... 62% 11.5M 1s
 10050K .......... .......... .......... .......... .......... 62% 11.5M 1s
 10100K .......... .......... .......... .......... .......... 63% 12.4M 1s
 10150K .......... .......... .......... .......... .......... 63% 11.4M 1s
 10200K .......... .......... .......... .......... .......... 63% 11.4M 1s
 10250K .......... .......... .......... .......... .......... 64% 11.5M 1s
 10300K .......... .......... .......... .......... .......... 64% 12.2M 1s
 10350K .......... .......... .......... .......... .......... 64% 8.99M 1s
 10400K .......... .......... .......... .......... .......... 65% 11.1M 1s
 10450K .......... .......... .......... .......... .......... 65% 12.1M 1s
 10500K .......... .......... .......... .......... .......... 65% 11.2M 1s
 10550K .......... .......... .......... .......... .......... 66% 12.1M 1s
 10600K .......... .......... .......... .......... .......... 66% 12.0M 1s
 10650K .......... .......... .......... .......... .......... 66% 11.1M 1s
 10700K .......... .......... .......... .......... .......... 66% 12.1M 1s
 10750K .......... .......... .......... .......... .......... 67% 8.50M 1s
 10800K .......... .......... .......... .......... .......... 67% 11.5M 1s
 10850K .......... .......... .......... .......... .......... 67% 12.4M 1s
 10900K .......... .......... .......... .......... .......... 68% 11.4M 1s
 10950K .......... .......... .......... .......... .......... 68% 11.4M 1s
 11000K .......... .......... .......... .......... .......... 68% 10.5M 1s
 11050K .......... .......... .......... .......... .......... 69% 11.3M 1s
 11100K .......... .......... .......... .......... .......... 69% 12.4M 1s
 11150K .......... .......... .......... .......... .......... 69% 8.64M 1s
 11200K .......... .......... .......... .......... .......... 70% 11.5M 1s
 11250K .......... .......... .......... .......... .......... 70% 11.3M 1s
 11300K .......... .......... .......... .......... .......... 70% 11.3M 1s
 11350K .......... .......... .......... .......... .......... 71% 12.8M 1s
 11400K .......... .......... .......... .......... .......... 71% 11.1M 1s
 11450K .......... .......... .......... .......... .......... 71% 12.1M 1s
 11500K .......... .......... .......... .......... .......... 71% 11.1M 0s
 11550K .......... .......... .......... .......... .......... 72% 8.99M 0s
 11600K .......... .......... .......... .......... .......... 72% 12.0M 0s
 11650K .......... .......... .......... .......... .......... 72% 11.1M 0s
 11700K .......... .......... .......... .......... .......... 73% 12.1M 0s
 11750K .......... .......... .......... .......... .......... 73% 11.1M 0s
 11800K .......... .......... .......... .......... .......... 73% 12.2M 0s
 11850K .......... .......... .......... .......... .......... 74% 12.1M 0s
 11900K .......... .......... .......... .......... .......... 74% 11.1M 0s
 11950K .......... .......... .......... .......... .......... 74% 9.06M 0s
 12000K .......... .......... .......... .......... .......... 75% 11.7M 0s
 12050K .......... .......... .......... .......... .......... 75% 1.23M 0s
 12100K .......... .......... .......... .......... .......... 75% 16.1M 0s
 12150K .......... .......... .......... .......... .......... 76% 11.9M 0s
 12200K .......... .......... .......... .......... .......... 76% 20.8M 0s
 12250K .......... .......... .......... .......... .......... 76% 14.7M 0s
 12300K .......... .......... .......... .......... .......... 76% 23.2M 0s
 12350K .......... .......... .......... .......... .......... 77%  453M 0s
 12400K .......... .......... .......... .......... .......... 77%  688M 0s
 12450K .......... .......... .......... .......... .......... 77%  717M 0s
 12500K .......... .......... .......... .......... .......... 78%  586M 0s
 12550K .......... .......... .......... .......... .......... 78%  740M 0s
 12600K .......... .......... .......... .......... .......... 78%  442M 0s
 12650K .......... .......... .......... .......... .......... 79% 59.3M 0s
 12700K .......... .......... .......... .......... .......... 79% 11.2M 0s
 12750K .......... .......... .......... .......... .......... 79% 8.96M 0s
 12800K .......... .......... .......... .......... .......... 80% 11.1M 0s
 12850K .......... .......... .......... .......... .......... 80% 12.0M 0s
 12900K .......... .......... .......... .......... .......... 80% 11.1M 0s
 12950K .......... .......... .......... .......... .......... 81% 12.2M 0s
 13000K .......... .......... .......... .......... .......... 81% 12.1M 0s
 13050K .......... .......... .......... .......... .......... 81% 11.2M 0s
 13100K .......... .......... .......... .......... .......... 81% 12.0M 0s
 13150K .......... .......... .......... .......... .......... 82% 8.49M 0s
 13200K .......... .......... .......... .......... .......... 82% 12.0M 0s
 13250K .......... .......... .......... .......... .......... 82% 12.1M 0s
 13300K .......... .......... .......... .......... .......... 83% 10.0M 0s
 13350K .......... .......... .......... .......... .......... 83% 14.1M 0s
 13400K .......... .......... .......... .......... .......... 83% 11.4M 0s
 13450K .......... .......... .......... .......... .......... 84% 11.5M 0s
 13500K .......... .......... .......... .......... .......... 84% 11.4M 0s
 13550K .......... .......... .......... .......... .......... 84% 9.10M 0s
 13600K .......... .......... .......... .......... .......... 85% 11.1M 0s
 13650K .......... .......... .......... .......... .......... 85% 12.0M 0s
 13700K .......... .......... .......... .......... .......... 85% 11.9M 0s
 13750K .......... .......... .......... .......... .......... 86% 11.2M 0s
 13800K .......... .......... .......... .......... .......... 86% 11.9M 0s
 13850K .......... .......... .......... .......... .......... 86% 12.2M 0s
 13900K .......... .......... .......... .......... .......... 86% 11.0M 0s
 13950K .......... .......... .......... .......... .......... 87% 9.07M 0s
 14000K .......... .......... .......... .......... .......... 87% 11.1M 0s
 14050K .......... .......... .......... .......... .......... 87% 11.9M 0s
 14100K .......... .......... .......... .......... .......... 88% 12.1M 0s
 14150K .......... .......... .......... .......... .......... 88% 11.5M 0s
 14200K .......... .......... .......... .......... .......... 88% 11.2M 0s
 14250K .......... .......... .......... .......... .......... 89% 12.4M 0s
 14300K .......... .......... .......... .......... .......... 89% 11.3M 0s
 14350K .......... .......... .......... .......... .......... 89% 8.48M 0s
 14400K .......... .......... .......... .......... .......... 90% 12.3M 0s
 14450K .......... .......... .......... .......... .......... 90% 11.4M 0s
 14500K .......... .......... .......... .......... .......... 90% 11.2M 0s
 14550K .......... .......... .......... .......... .......... 90% 12.5M 0s
 14600K .......... .......... .......... .......... .......... 91% 11.3M 0s
 14650K .......... .......... .......... .......... .......... 91% 11.5M 0s
 14700K .......... .......... .......... .......... .......... 91% 11.4M 0s
 14750K .......... .......... .......... .......... .......... 92% 9.07M 0s
 14800K .......... .......... .......... .......... .......... 92% 11.3M 0s
 14850K .......... .......... .......... .......... .......... 92% 12.3M 0s
 14900K .......... .......... .......... .......... .......... 93% 11.2M 0s
 14950K .......... .......... .......... .......... .......... 93% 11.7M 0s
 15000K .......... .......... .......... .......... .......... 93% 11.6M 0s
 15050K .......... .......... .......... .......... .......... 94% 12.0M 0s
 15100K .......... .......... .......... .......... .......... 94% 12.0M 0s
 15150K .......... .......... .......... .......... .......... 94% 8.53M 0s
 15200K .......... .......... .......... .......... .......... 95% 5.47M 0s
 15250K .......... .......... .......... .......... .......... 95%  256M 0s
 15300K .......... .......... .......... .......... .......... 95% 14.5M 0s
 15350K .......... .......... .......... .......... .......... 95% 11.2M 0s
 15400K .......... .......... .......... .......... .......... 96% 12.0M 0s
 15450K .......... .......... .......... .......... .......... 96% 12.1M 0s
 15500K .......... .......... .......... .......... .......... 96% 11.2M 0s
 15550K .......... .......... .......... .......... .......... 97% 9.05M 0s
 15600K .......... .......... .......... .......... .......... 97% 11.1M 0s
 15650K .......... .......... .......... .......... .......... 97% 12.0M 0s
 15700K .......... .......... .......... .......... .......... 98% 12.1M 0s
 15750K .......... .......... .......... .......... .......... 98% 11.2M 0s
 15800K .......... .......... .......... .......... .......... 98% 12.0M 0s
 15850K .......... .......... .......... .......... .......... 99% 12.1M 0s
 15900K .......... .......... .......... .......... .......... 99% 11.1M 0s
 15950K .......... .......... .......... .......... .......... 99% 8.52M 0s
 16000K .......... .......... .......... .......... ......    100% 19.1M=1.7s

2026-02-28 13:30:07 (9.36 MB/s) - ‘phpmyadmin.zip’ saved [16431330/16431330]


=== Распаковка phpMyAdmin ===

=== Настройка phpMyAdmin ===
sed: -e expression #1, char 63: unknown option to `s'
